0 info it worked if it ends with ok
1 verbose cli [ 'node', '/Users/kristiehoward/.npm-packages/bin/npm', 'start' ]
2 info using npm@2.5.1
3 info using node@v0.10.35
4 verbose node symlink /usr/local/bin/node
5 verbose run-script [ 'prestart', 'start', 'poststart' ]
6 info prestart levels@0.0.0
7 info start levels@0.0.0
8 verbose unsafe-perm in lifecycle true
9 info levels@0.0.0 Failed to exec start script
10 verbose stack Error: levels@0.0.0 start: `node server/app.js`
10 verbose stack Exit status 8
10 verbose stack     at EventEmitter.<anonymous> (/Users/kristiehoward/.npm-packages/lib/node_modules/npm/lib/utils/lifecycle.js:213:16)
10 verbose stack     at EventEmitter.emit (events.js:98:17)
10 verbose stack     at ChildProcess.<anonymous> (/Users/kristiehoward/.npm-packages/lib/node_modules/npm/lib/utils/spawn.js:14:12)
10 verbose stack     at ChildProcess.emit (events.js:98:17)
10 verbose stack     at maybeClose (child_process.js:766:16)
10 verbose stack     at Process.ChildProcess._handle.onexit (child_process.js:833:5)
11 verbose pkgid levels@0.0.0
12 verbose cwd /Users/kristiehoward/Documents/columbia/JavaScript/DJ-LEVels
13 error Darwin 13.3.0
14 error argv "node" "/Users/kristiehoward/.npm-packages/bin/npm" "start"
15 error node v0.10.35
16 error npm  v2.5.1
17 error code ELIFECYCLE
18 error levels@0.0.0 start: `node server/app.js`
18 error Exit status 8
19 error Failed at the levels@0.0.0 start script 'node server/app.js'.
19 error This is most likely a problem with the levels package,
19 error not with npm itself.
19 error Tell the author that this fails on your system:
19 error     node server/app.js
19 error You can get their info via:
19 error     npm owner ls levels
19 error There is likely additional logging output above.
20 verbose exit [ 1, true ]
